<?xml version="1.0" encoding="UTF-8"?>
<!-- Generated by org.testng.reporters.JUnitXMLReporter -->
<testsuite ignored="3" hostname="LAPTOP-14I328U7" failures="0" tests="1" name="Test" time="5.727" errors="0" timestamp="2025-07-14T13:54:37 IST">
  <testcase classname="TestNG.Using_flipkart" name="flipkat" time="5.68"/>
  <testcase classname="TestNG.Bookmyshow" name="bookmyshow" time="0.0">
    <ignored/>
  </testcase> <!-- bookmyshow -->
  <testcase classname="TestNG.Using_demoQspiders" name="qspiders" time="0.0">
    <ignored/>
  </testcase> <!-- qspiders -->
  <testcase classname="TestNG.Using_amazon" name="amazon" time="0.0">
    <ignored/>
  </testcase> <!-- amazon -->
</testsuite> <!-- Test -->
