<?xml version="1.0" encoding="UTF-8"?>
<!-- Generated by org.testng.reporters.JUnitXMLReporter -->
<testsuite ignored="0" hostname="LAPTOP-14I328U7" failures="0" tests="3" name="Test_CHROME" time="71.795" errors="0" timestamp="2025-07-14T14:58:58 IST">
  <testcase classname="TestNG.Using_flipkart" name="flipkat" time="24.37"/>
  <testcase classname="TestNG.Using_amazon" name="amazon" time="6.932"/>
  <testcase classname="TestNG.Bookmyshow" name="bookmyshow" time="40.4"/>
</testsuite> <!-- Test_CHROME -->
