<?xml version="1.0" encoding="UTF-8"?>
<!-- Generated by org.testng.reporters.JUnitXMLReporter -->
<testsuite ignored="0" hostname="LAPTOP-14I328U7" failures="0" tests="3" name="Test_EDGE" time="97.411" errors="0" timestamp="2025-07-14T14:59:24 IST">
  <testcase classname="TestNG.Using_flipkart" name="flipkat" time="26.438"/>
  <testcase classname="TestNG.Using_amazon" name="amazon" time="7.959"/>
  <testcase classname="TestNG.Bookmyshow" name="bookmyshow" time="62.939"/>
</testsuite> <!-- Test_EDGE -->
